0 info it worked if it ends with ok
1 verbose cli [ '/usr/bin/nodejs', '/usr/bin/npm', 'install' ]
2 info using npm@1.4.21
3 info using node@v0.10.25
4 verbose readDependencies using package.json deps
5 verbose install where, deps [ '/home/nazrul/Development/Projects/social_sharetribe', [] ]
6 info preinstall @
7 verbose readDependencies using package.json deps
8 silly resolved []
9 info build /home/nazrul/Development/Projects/social_sharetribe
10 verbose linkStuff [ false, false, false, '/home/nazrul/Development/Projects' ]
11 info linkStuff @
12 verbose linkBins @
13 verbose linkMans @
14 verbose rebuildBundles @
15 info install @
16 info postinstall @
17 verbose unsafe-perm in lifecycle true
18 info @ Failed to exec postinstall script
19 error @ postinstall: `cd client && npm install`
19 error Exit status 1
20 error Failed at the @ postinstall script.
20 error This is most likely a problem with the  package,
20 error not with npm itself.
20 error Tell the author that this fails on your system:
20 error     cd client && npm install
20 error You can get their info via:
20 error     npm owner ls
20 error There is likely additional logging output above.
21 error System Linux 3.16.0-44-generic
22 error command "/usr/bin/nodejs" "/usr/bin/npm" "install"
23 error cwd /home/nazrul/Development/Projects/social_sharetribe
24 error node -v v0.10.25
25 error npm -v 1.4.21
26 error code ELIFECYCLE
27 verbose exit [ 1, true ]
